E:\WORKSPACE\GLASS\GLASSCOMPOSITIONV3.5_MULTITHREAD\DEBUG\GLASSCOMPOSITION.EXE
E:\WORKSPACE\GLASS\GLASSCOMPOSITIONV3.5_MULTITHREAD\DEBUG\GLASSCOMPOSITION.ILK
E:\WORKSPACE\GLASS\GLASSCOMPOSITIONV3.5_MULTITHREAD\DEBUG\GLASSCOMPOSITION.PDB
E:\workspace\Glass\GlassCompositionV3.5_MultiThread\GlassComposition\Debug\cl.command.1.tlog
E:\workspace\Glass\GlassCompositionV3.5_MultiThread\GlassComposition\Debug\CL.read.1.tlog
E:\workspace\Glass\GlassCompositionV3.5_MultiThread\GlassComposition\Debug\CL.write.1.tlog
E:\WORKSPACE\GLASS\GLASSCOMPOSITIONV3.5_MULTITHREAD\GLASSCOMPOSITION\DEBUG\COLORHEADERCTRL.OBJ
E:\WORKSPACE\GLASS\GLASSCOMPOSITIONV3.5_MULTITHREAD\GLASSCOMPOSITION\DEBUG\COLORLISTCTRL.OBJ
E:\WORKSPACE\GLASS\GLASSCOMPOSITIONV3.5_MULTITHREAD\GLASSCOMPOSITION\DEBUG\EDITLISTCTRL.OBJ
E:\WORKSPACE\GLASS\GLASSCOMPOSITIONV3.5_MULTITHREAD\GLASSCOMPOSITION\DEBUG\GLASSCOMPOSITION.EXE.EMBED.MANIFEST
E:\WORKSPACE\GLASS\GLASSCOMPOSITIONV3.5_MULTITHREAD\GLASSCOMPOSITION\DEBUG\GLASSCOMPOSITION.EXE.EMBED.MANIFEST.RES
E:\WORKSPACE\GLASS\GLASSCOMPOSITIONV3.5_MULTITHREAD\GLASSCOMPOSITION\DEBUG\GLASSCOMPOSITION.EXE.INTERMEDIATE.MANIFEST
E:\WORKSPACE\GLASS\GLASSCOMPOSITIONV3.5_MULTITHREAD\GLASSCOMPOSITION\DEBUG\GLASSCOMPOSITION.OBJ
E:\WORKSPACE\GLASS\GLASSCOMPOSITIONV3.5_MULTITHREAD\GLASSCOMPOSITION\DEBUG\GLASSCOMPOSITION.PCH
E:\WORKSPACE\GLASS\GLASSCOMPOSITIONV3.5_MULTITHREAD\GLASSCOMPOSITION\DEBUG\GLASSCOMPOSITION.RES
E:\workspace\Glass\GlassCompositionV3.5_MultiThread\GlassComposition\Debug\GlassComposition_manifest.rc
E:\WORKSPACE\GLASS\GLASSCOMPOSITIONV3.5_MULTITHREAD\GLASSCOMPOSITION\DEBUG\GLASSCOMPOSITIONDLG.OBJ
E:\WORKSPACE\GLASS\GLASSCOMPOSITIONV3.5_MULTITHREAD\GLASSCOMPOSITION\DEBUG\GLOBAL.OBJ
E:\WORKSPACE\GLASS\GLASSCOMPOSITIONV3.5_MULTITHREAD\GLASSCOMPOSITION\DEBUG\ITEMEDIT.OBJ
E:\workspace\Glass\GlassCompositionV3.5_MultiThread\GlassComposition\Debug\link.command.1.tlog
E:\workspace\Glass\GlassCompositionV3.5_MultiThread\GlassComposition\Debug\link.read.1.tlog
E:\workspace\Glass\GlassCompositionV3.5_MultiThread\GlassComposition\Debug\link.write.1.tlog
E:\workspace\Glass\GlassCompositionV3.5_MultiThread\GlassComposition\Debug\link-cvtres.read.1.tlog
E:\workspace\Glass\GlassCompositionV3.5_MultiThread\GlassComposition\Debug\link-cvtres.write.1.tlog
E:\workspace\Glass\GlassCompositionV3.5_MultiThread\GlassComposition\Debug\mt.command.1.tlog
E:\workspace\Glass\GlassCompositionV3.5_MultiThread\GlassComposition\Debug\mt.read.1.tlog
E:\workspace\Glass\GlassCompositionV3.5_MultiThread\GlassComposition\Debug\mt.write.1.tlog
E:\workspace\Glass\GlassCompositionV3.5_MultiThread\GlassComposition\Debug\rc.command.1.tlog
E:\workspace\Glass\GlassCompositionV3.5_MultiThread\GlassComposition\Debug\rc.read.1.tlog
E:\workspace\Glass\GlassCompositionV3.5_MultiThread\GlassComposition\Debug\rc.write.1.tlog
E:\WORKSPACE\GLASS\GLASSCOMPOSITIONV3.5_MULTITHREAD\GLASSCOMPOSITION\DEBUG\STDAFX.OBJ
E:\workspace\Glass\GlassCompositionV3.5_MultiThread\GlassComposition\Debug\vc100.idb
E:\WORKSPACE\GLASS\GLASSCOMPOSITIONV3.5_MULTITHREAD\GLASSCOMPOSITION\DEBUG\VC100.PDB
