E:\workspace\Glass\GlassCompositionV3.5_MultiThread\GlassComposition\Release\cl.command.1.tlog
E:\workspace\Glass\GlassCompositionV3.5_MultiThread\GlassComposition\Release\CL.read.1.tlog
E:\workspace\Glass\GlassCompositionV3.5_MultiThread\GlassComposition\Release\CL.write.1.tlog
E:\WORKSPACE\GLASS\GLASSCOMPOSITIONV3.5_MULTITHREAD\GLASSCOMPOSITION\RELEASE\COLORHEADERCTRL.OBJ
E:\WORKSPACE\GLASS\GLASSCOMPOSITIONV3.5_MULTITHREAD\GLASSCOMPOSITION\RELEASE\COLORLISTCTRL.OBJ
E:\WORKSPACE\GLASS\GLASSCOMPOSITIONV3.5_MULTITHREAD\GLASSCOMPOSITION\RELEASE\EDITLISTCTRL.OBJ
E:\WORKSPACE\GLASS\GLASSCOMPOSITIONV3.5_MULTITHREAD\GLASSCOMPOSITION\RELEASE\GLASSCOMPOSITION.EXE.INTERMEDIATE.MANIFEST
E:\WORKSPACE\GLASS\GLASSCOMPOSITIONV3.5_MULTITHREAD\GLASSCOMPOSITION\RELEASE\GLASSCOMPOSITION.OBJ
E:\WORKSPACE\GLASS\GLASSCOMPOSITIONV3.5_MULTITHREAD\GLASSCOMPOSITION\RELEASE\GLASSCOMPOSITION.PCH
E:\WORKSPACE\GLASS\GLASSCOMPOSITIONV3.5_MULTITHREAD\GLASSCOMPOSITION\RELEASE\GLASSCOMPOSITION.RES
E:\WORKSPACE\GLASS\GLASSCOMPOSITIONV3.5_MULTITHREAD\GLASSCOMPOSITION\RELEASE\GLASSCOMPOSITIONDLG.OBJ
E:\WORKSPACE\GLASS\GLASSCOMPOSITIONV3.5_MULTITHREAD\GLASSCOMPOSITION\RELEASE\GLOBAL.OBJ
E:\WORKSPACE\GLASS\GLASSCOMPOSITIONV3.5_MULTITHREAD\GLASSCOMPOSITION\RELEASE\ITEMEDIT.OBJ
E:\workspace\Glass\GlassCompositionV3.5_MultiThread\GlassComposition\Release\link.command.1.tlog
E:\workspace\Glass\GlassCompositionV3.5_MultiThread\GlassComposition\Release\link.read.1.tlog
E:\workspace\Glass\GlassCompositionV3.5_MultiThread\GlassComposition\Release\link.write.1.tlog
E:\workspace\Glass\GlassCompositionV3.5_MultiThread\GlassComposition\Release\link-cvtres.read.1.tlog
E:\workspace\Glass\GlassCompositionV3.5_MultiThread\GlassComposition\Release\link-cvtres.write.1.tlog
E:\workspace\Glass\GlassCompositionV3.5_MultiThread\GlassComposition\Release\mt.command.1.tlog
E:\workspace\Glass\GlassCompositionV3.5_MultiThread\GlassComposition\Release\mt.read.1.tlog
E:\workspace\Glass\GlassCompositionV3.5_MultiThread\GlassComposition\Release\mt.write.1.tlog
E:\workspace\Glass\GlassCompositionV3.5_MultiThread\GlassComposition\Release\rc.command.1.tlog
E:\workspace\Glass\GlassCompositionV3.5_MultiThread\GlassComposition\Release\rc.read.1.tlog
E:\workspace\Glass\GlassCompositionV3.5_MultiThread\GlassComposition\Release\rc.write.1.tlog
E:\WORKSPACE\GLASS\GLASSCOMPOSITIONV3.5_MULTITHREAD\GLASSCOMPOSITION\RELEASE\STDAFX.OBJ
E:\WORKSPACE\GLASS\GLASSCOMPOSITIONV3.5_MULTITHREAD\GLASSCOMPOSITION\RELEASE\VC100.PDB
E:\WORKSPACE\GLASS\GLASSCOMPOSITIONV3.5_MULTITHREAD\RELEASE\GLASSCOMPOSITION.EXE
E:\WORKSPACE\GLASS\GLASSCOMPOSITIONV3.5_MULTITHREAD\RELEASE\GLASSCOMPOSITION.PDB
